<?xml version="1.0" encoding="UTF-8"?>
<testsuite xmlns:xsi="http://www.w3.org/2001/XMLSchema-instance" xsi:noNamespaceSchemaLocation="https://maven.apache.org/surefire/maven-surefire-plugin/xsd/surefire-test-report.xsd" name="examples.ExamplesTest" time="2.701" tests="2" errors="0" skipped="0" failures="0">
  <properties>
    <property name="gopherProxySet" value="false"/>
    <property name="awt.toolkit" value="sun.lwawt.macosx.LWCToolkit"/>
    <property name="java.specification.version" value="11"/>
    <property name="sun.cpu.isalist" value=""/>
    <property name="sun.jnu.encoding" value="UTF-8"/>
    <property name="java.class.path" value="/Users/frafor/PERSONAL/DEVELOPMENT/PROJECTS/TEMP/test-karate/target/test-classes:/Users/frafor/PERSONAL/DEVELOPMENT/PROJECTS/TEMP/test-karate/target/classes:/Users/frafor/.m2/repository/com/intuit/karate/karate-apache/0.9.6/karate-apache-0.9.6.jar:/Users/frafor/.m2/repository/com/intuit/karate/karate-core/0.9.6/karate-core-0.9.6.jar:/Users/frafor/.m2/repository/com/jayway/jsonpath/json-path/2.4.0/json-path-2.4.0.jar:/Users/frafor/.m2/repository/net/minidev/json-smart/2.3/json-smart-2.3.jar:/Users/frafor/.m2/repository/net/minidev/accessors-smart/1.2/accessors-smart-1.2.jar:/Users/frafor/.m2/repository/org/ow2/asm/asm/5.0.4/asm-5.0.4.jar:/Users/frafor/.m2/repository/info/cukes/cucumber-java/1.2.5/cucumber-java-1.2.5.jar:/Users/frafor/.m2/repository/info/cukes/cucumber-core/1.2.5/cucumber-core-1.2.5.jar:/Users/frafor/.m2/repository/org/yaml/snakeyaml/1.24/snakeyaml-1.24.jar:/Users/frafor/.m2/repository/de/siegmar/fastcsv/1.0.3/fastcsv-1.0.3.jar:/Users/frafor/.m2/repository/info/picocli/picocli/4.0.3/picocli-4.0.3.jar:/Users/frafor/.m2/repository/org/apache/httpcomponents/httpclient/4.5.12/httpclient-4.5.12.jar:/Users/frafor/.m2/repository/org/apache/httpcomponents/httpcore/4.4.13/httpcore-4.4.13.jar:/Users/frafor/.m2/repository/commons-codec/commons-codec/1.11/commons-codec-1.11.jar:/Users/frafor/.m2/repository/org/apache/httpcomponents/httpmime/4.5.12/httpmime-4.5.12.jar:/Users/frafor/.m2/repository/org/slf4j/jcl-over-slf4j/1.7.25/jcl-over-slf4j-1.7.25.jar:/Users/frafor/.m2/repository/org/slf4j/slf4j-api/1.7.25/slf4j-api-1.7.25.jar:/Users/frafor/.m2/repository/ch/qos/logback/logback-classic/1.2.3/logback-classic-1.2.3.jar:/Users/frafor/.m2/repository/ch/qos/logback/logback-core/1.2.3/logback-core-1.2.3.jar:/Users/frafor/.m2/repository/com/intuit/karate/karate-junit4/0.9.6/karate-junit4-0.9.6.jar:/Users/frafor/.m2/repository/junit/junit/4.12/junit-4.12.jar:/Users/frafor/.m2/repository/org/hamcrest/hamcrest-core/1.3/hamcrest-core-1.3.jar:"/>
    <property name="java.vm.vendor" value="AdoptOpenJDK"/>
    <property name="sun.arch.data.model" value="64"/>
    <property name="java.vendor.url" value="https://adoptopenjdk.net/"/>
    <property name="user.timezone" value=""/>
    <property name="java.vm.specification.version" value="11"/>
    <property name="os.name" value="Mac OS X"/>
    <property name="sun.java.launcher" value="SUN_STANDARD"/>
    <property name="user.country" value="IT"/>
    <property name="sun.boot.library.path" value="/Library/Java/JavaVirtualMachines/adoptopenjdk-11.jdk/Contents/Home/lib"/>
    <property name="sun.java.command" value="/Users/frafor/PERSONAL/DEVELOPMENT/PROJECTS/TEMP/test-karate/target/surefire/surefirebooter14347979694928726973.jar /Users/frafor/PERSONAL/DEVELOPMENT/PROJECTS/TEMP/test-karate/target/surefire 2020-09-27T17-09-12_844-jvmRun1 surefire8128616590636605641tmp surefire_015515930676939728969tmp"/>
    <property name="jdk.debug" value="release"/>
    <property name="surefire.test.class.path" value="/Users/frafor/PERSONAL/DEVELOPMENT/PROJECTS/TEMP/test-karate/target/test-classes:/Users/frafor/PERSONAL/DEVELOPMENT/PROJECTS/TEMP/test-karate/target/classes:/Users/frafor/.m2/repository/com/intuit/karate/karate-apache/0.9.6/karate-apache-0.9.6.jar:/Users/frafor/.m2/repository/com/intuit/karate/karate-core/0.9.6/karate-core-0.9.6.jar:/Users/frafor/.m2/repository/com/jayway/jsonpath/json-path/2.4.0/json-path-2.4.0.jar:/Users/frafor/.m2/repository/net/minidev/json-smart/2.3/json-smart-2.3.jar:/Users/frafor/.m2/repository/net/minidev/accessors-smart/1.2/accessors-smart-1.2.jar:/Users/frafor/.m2/repository/org/ow2/asm/asm/5.0.4/asm-5.0.4.jar:/Users/frafor/.m2/repository/info/cukes/cucumber-java/1.2.5/cucumber-java-1.2.5.jar:/Users/frafor/.m2/repository/info/cukes/cucumber-core/1.2.5/cucumber-core-1.2.5.jar:/Users/frafor/.m2/repository/org/yaml/snakeyaml/1.24/snakeyaml-1.24.jar:/Users/frafor/.m2/repository/de/siegmar/fastcsv/1.0.3/fastcsv-1.0.3.jar:/Users/frafor/.m2/repository/info/picocli/picocli/4.0.3/picocli-4.0.3.jar:/Users/frafor/.m2/repository/org/apache/httpcomponents/httpclient/4.5.12/httpclient-4.5.12.jar:/Users/frafor/.m2/repository/org/apache/httpcomponents/httpcore/4.4.13/httpcore-4.4.13.jar:/Users/frafor/.m2/repository/commons-codec/commons-codec/1.11/commons-codec-1.11.jar:/Users/frafor/.m2/repository/org/apache/httpcomponents/httpmime/4.5.12/httpmime-4.5.12.jar:/Users/frafor/.m2/repository/org/slf4j/jcl-over-slf4j/1.7.25/jcl-over-slf4j-1.7.25.jar:/Users/frafor/.m2/repository/org/slf4j/slf4j-api/1.7.25/slf4j-api-1.7.25.jar:/Users/frafor/.m2/repository/ch/qos/logback/logback-classic/1.2.3/logback-classic-1.2.3.jar:/Users/frafor/.m2/repository/ch/qos/logback/logback-core/1.2.3/logback-core-1.2.3.jar:/Users/frafor/.m2/repository/com/intuit/karate/karate-junit4/0.9.6/karate-junit4-0.9.6.jar:/Users/frafor/.m2/repository/junit/junit/4.12/junit-4.12.jar:/Users/frafor/.m2/repository/org/hamcrest/hamcrest-core/1.3/hamcrest-core-1.3.jar:"/>
    <property name="sun.cpu.endian" value="little"/>
    <property name="user.home" value="/Users/frafor"/>
    <property name="user.language" value="it"/>
    <property name="java.specification.vendor" value="Oracle Corporation"/>
    <property name="java.version.date" value="2020-07-14"/>
    <property name="java.home" value="/Library/Java/JavaVirtualMachines/adoptopenjdk-11.jdk/Contents/Home"/>
    <property name="file.separator" value="/"/>
    <property name="basedir" value="/Users/frafor/PERSONAL/DEVELOPMENT/PROJECTS/TEMP/test-karate"/>
    <property name="java.vm.compressedOopsMode" value="Zero based"/>
    <property name="line.separator" value="&#10;"/>
    <property name="java.specification.name" value="Java Platform API Specification"/>
    <property name="java.vm.specification.vendor" value="Oracle Corporation"/>
    <property name="java.awt.graphicsenv" value="sun.awt.CGraphicsEnvironment"/>
    <property name="surefire.real.class.path" value="/Users/frafor/PERSONAL/DEVELOPMENT/PROJECTS/TEMP/test-karate/target/surefire/surefirebooter14347979694928726973.jar"/>
    <property name="sun.management.compiler" value="HotSpot 64-Bit Tiered Compilers"/>
    <property name="java.runtime.version" value="11.0.8+10"/>
    <property name="user.name" value="frafor"/>
    <property name="path.separator" value=":"/>
    <property name="os.version" value="10.15.7"/>
    <property name="java.runtime.name" value="OpenJDK Runtime Environment"/>
    <property name="file.encoding" value="UTF-8"/>
    <property name="java.vm.name" value="OpenJDK 64-Bit Server VM"/>
    <property name="java.vendor.version" value="AdoptOpenJDK"/>
    <property name="localRepository" value="/Users/frafor/.m2/repository"/>
    <property name="java.vendor.url.bug" value="https://github.com/AdoptOpenJDK/openjdk-support/issues"/>
    <property name="java.io.tmpdir" value="/var/folders/2w/zz0zd9y54392psfpt8mp5w5c0000gp/T/"/>
    <property name="java.version" value="11.0.8"/>
    <property name="user.dir" value="/Users/frafor/PERSONAL/DEVELOPMENT/PROJECTS/TEMP/test-karate"/>
    <property name="os.arch" value="x86_64"/>
    <property name="java.vm.specification.name" value="Java Virtual Machine Specification"/>
    <property name="java.awt.printerjob" value="sun.lwawt.macosx.CPrinterJob"/>
    <property name="sun.os.patch.level" value="unknown"/>
    <property name="java.library.path" value="/Users/frafor/Library/Java/Extensions:/Library/Java/Extensions:/Network/Library/Java/Extensions:/System/Library/Java/Extensions:/usr/lib/java:."/>
    <property name="java.vm.info" value="mixed mode"/>
    <property name="java.vendor" value="AdoptOpenJDK"/>
    <property name="java.vm.version" value="11.0.8+10"/>
    <property name="sun.io.unicode.encoding" value="UnicodeBig"/>
    <property name="java.class.version" value="55.0"/>
  </properties>
  <testcase name="[1:7] get all users and then get the first user by id" classname="[users] sample karate test script" time="0.878"/>
  <testcase name="[2:18] create a user and then get it by id" classname="[users] sample karate test script" time="0.522"/>
</testsuite>